<?xml version="1.0" encoding="UTF-8"?>
<testng-results ignored="0" total="2" passed="2" failed="0" skipped="0">
  <reporter-output>
  </reporter-output>
  <suite started-at="2022-08-27T09:22:35 IST" name="Suite" finished-at="2022-08-27T09:23:32 IST" duration-ms="56694">
    <groups>
    </groups>
    <test started-at="2022-08-27T09:22:35 IST" name="Test" finished-at="2022-08-27T09:23:32 IST" duration-ms="56694">
      <class name="com.Sindhu.TestCases.LoginPage">
        <test-method is-config="true" signature="LaunchInstance()[pri:0, instance:com.Sindhu.TestCases.LoginPage@47e2e487]" started-at="2022-08-27T09:22:35 IST" name="LaunchInstance" finished-at="2022-08-27T09:23:09 IST" duration-ms="33692" status="PASS">
          <reporter-output>
          </reporter-output>
        </test-method> <!-- LaunchInstance -->
        <test-method is-config="true" signature="LaunchInstance()[pri:0, instance:com.Sindhu.TestCases.LoginPage@47e2e487]" started-at="2022-08-27T09:22:35 IST" name="LaunchInstance" finished-at="2022-08-27T09:23:09 IST" duration-ms="33680" status="PASS">
          <reporter-output>
          </reporter-output>
        </test-method> <!-- LaunchInstance -->
        <test-method signature="TestCase1()[pri:0, instance:com.Sindhu.TestCases.LoginPage@47e2e487]" started-at="2022-08-27T09:23:09 IST" name="TestCase1" finished-at="2022-08-27T09:23:29 IST" duration-ms="20159" status="PASS">
          <reporter-output>
          </reporter-output>
        </test-method> <!-- TestCase1 -->
        <test-method signature="TestCase2()[pri:0, instance:com.Sindhu.TestCases.LoginPage@47e2e487]" started-at="2022-08-27T09:23:09 IST" name="TestCase2" finished-at="2022-08-27T09:23:29 IST" duration-ms="20156" status="PASS">
          <reporter-output>
          </reporter-output>
        </test-method> <!-- TestCase2 -->
        <test-method is-config="true" signature="tearDown()[pri:0, instance:com.Sindhu.TestCases.LoginPage@47e2e487]" started-at="2022-08-27T09:23:29 IST" name="tearDown" finished-at="2022-08-27T09:23:32 IST" duration-ms="2345" status="PASS">
          <reporter-output>
          </reporter-output>
        </test-method> <!-- tearDown -->
        <test-method is-config="true" signature="tearDown()[pri:0, instance:com.Sindhu.TestCases.LoginPage@47e2e487]" started-at="2022-08-27T09:23:29 IST" name="tearDown" finished-at="2022-08-27T09:23:32 IST" duration-ms="2343" status="PASS">
          <reporter-output>
          </reporter-output>
        </test-method> <!-- tearDown -->
      </class> <!-- com.Sindhu.TestCases.LoginPage -->
    </test> <!-- Test -->
  </suite> <!-- Suite -->
</testng-results>
